<?xml version="1.0" encoding="UTF-8"?>
<!-- Generated by org.testng.reporters.JUnitXMLReporter -->
<testsuite ignored="2" hostname="GT0018" failures="0" tests="8" name="Test" time="0.591" errors="0" timestamp="2023-10-26T21:22:30 IST">
  <testcase classname="com.master.basescripts.BaseTestScripts" name="@BeforeSuite LoginProcess" time="92.177">
    <failure type="java.lang.NullPointerException" message="Cannot invoke &amp;quot;org.openqa.selenium.TakesScreenshot.getScreenshotAs(org.openqa.selenium.OutputType)&amp;quot; because &amp;quot;com.master.basescripts.BaseTestScripts.driver&amp;quot; is null">
      <![CDATA[java.lang.NullPointerException: Cannot invoke "org.openqa.selenium.TakesScreenshot.getScreenshotAs(org.openqa.selenium.OutputType)" because "com.master.basescripts.BaseTestScripts.driver" is null
at com.master.basescripts.BaseTestScripts.ScreenCapture(BaseTestScripts.java:239)
at com.master.basescripts.BaseTestScripts.LoginProcess(BaseTestScripts.java:341)
... Removed 19 stack frames]]>
    </failure>
  </testcase> <!-- @BeforeSuite LoginProcess -->
  <testcase classname="com.master.bulkscripts.DataProviderRolesScript" name="ReadV" time="0.0">
    <skipped/>
  </testcase> <!-- ReadV -->
  <testcase classname="com.master.bulkscripts.DataProviderRolesScript" name="ReadV" time="0.0">
    <skipped/>
  </testcase> <!-- ReadV -->
  <testcase classname="com.master.bulkscripts.DataProviderRolesScript" name="ReadV" time="0.0">
    <skipped/>
  </testcase> <!-- ReadV -->
  <testcase classname="com.master.bulkscripts.DataProviderRolesScript" name="ReadV" time="0.0">
    <skipped/>
  </testcase> <!-- ReadV -->
  <testcase classname="com.master.bulkscripts.DataProviderCarrierScript" name="ReadV" time="0.0">
    <skipped/>
  </testcase> <!-- ReadV -->
  <testcase classname="com.master.bulkscripts.DataProviderCarrierScript" name="ReadV" time="0.0">
    <skipped/>
  </testcase> <!-- ReadV -->
  <testcase classname="com.master.bulkscripts.DataProviderCarrierScript" name="ReadV" time="0.0">
    <skipped/>
  </testcase> <!-- ReadV -->
  <testcase classname="com.master.bulkscripts.DataProviderCarrierScript" name="ReadV" time="0.0">
    <skipped/>
  </testcase> <!-- ReadV -->
  <testcase classname="com.master.basescripts.BaseTestScripts" name="@AfterSuite LogOut" time="0.0">
    <ignored/>
  </testcase> <!-- @AfterSuite LogOut -->
  <testcase classname="com.master.basescripts.BaseTestScripts" name="@BeforeSuite LoginProcess" time="0.0">
    <ignored/>
  </testcase> <!-- @BeforeSuite LoginProcess -->
</testsuite> <!-- Test -->
