<?xml version="1.0" encoding="UTF-8"?>
<!-- Generated by org.testng.reporters.JUnitXMLReporter -->
<testsuite ignored="4" hostname="GT0018" failures="1" tests="3" name="Test" time="22.006" errors="0" timestamp="2023-05-08T10:42:36 IST">
  <testcase classname="com.master.testscripts.CarrierScript" name="PrepareCarrierData" time="11.951"/>
  <testcase classname="com.master.testscripts.RolesScript" name="PrepareCarrierData" time="8.801"/>
  <testcase classname="com.master.bulkscripts.DataProviderCarrierScript" name="ReadV" time="1.19">
    <failure type="org.testng.internal.reflect.MethodMatcherException" message="
[public static void com.master.bulkscripts.DataProviderCarrierScript.ReadV(java.lang.String,java.lang.String,java.lang.String,java.lang.String,java.lang.String,java.lang.String) throws java.lang.InterruptedException,java.lang.Exception] has no parameters defined but was found to be using a data provider (either explicitly specified or inherited from class level annotation).
Data provider mismatch
Method: ReadV([java.lang.String arg0, java.lang.String arg1, java.lang.String arg2, java.lang.String arg3, java.lang.String arg4, java.lang.String arg5])
Arguments: [(java.lang.String) ROLE1002,(java.lang.String) CHECKINGROLES,(java.lang.String) //SPAN[text()=&amp;apos;Role saved successfully&amp;apos;],(java.lang.String) Role saved successfully]">
      <![CDATA[org.testng.internal.reflect.MethodMatcherException: 
[public static void com.master.bulkscripts.DataProviderCarrierScript.ReadV(java.lang.String,java.lang.String,java.lang.String,java.lang.String,java.lang.String,java.lang.String) throws java.lang.InterruptedException,java.lang.Exception] has no parameters defined but was found to be using a data provider (either explicitly specified or inherited from class level annotation).
Data provider mismatch
Method: ReadV([java.lang.String arg0, java.lang.String arg1, java.lang.String arg2, java.lang.String arg3, java.lang.String arg4, java.lang.String arg5])
Arguments: [(java.lang.String) ROLE1002,(java.lang.String) CHECKINGROLES,(java.lang.String) //SPAN[text()='Role saved successfully'],(java.lang.String) Role saved successfully]
at java.base/java.util.ArrayList.forEach(ArrayList.java:1511)
... Removed 22 stack frames]]>
    </failure>
  </testcase> <!-- ReadV -->
  <testcase classname="com.master.basescripts.BaseTestScripts" name="@BeforeSuite LoginProcess" time="0.0">
    <ignored/>
  </testcase> <!-- @BeforeSuite LoginProcess -->
  <testcase classname="com.master.basescripts.BaseTestScripts" name="@AfterSuite LogOut" time="0.0">
    <ignored/>
  </testcase> <!-- @AfterSuite LogOut -->
  <testcase classname="com.master.basescripts.BaseTestScripts" name="@AfterSuite LogOut" time="0.0">
    <ignored/>
  </testcase> <!-- @AfterSuite LogOut -->
  <testcase classname="com.master.basescripts.BaseTestScripts" name="@BeforeSuite LoginProcess" time="0.0">
    <ignored/>
  </testcase> <!-- @BeforeSuite LoginProcess -->
</testsuite> <!-- Test -->
